[17:57:13] [Server thread/INFO]: Starting minecraft server version 1.12
[17:57:13] [Server thread/INFO]: Loading properties
[17:57:13] [Server thread/INFO]: Default game type: CREATIVE
[17:57:13] [Server thread/INFO]: Generating keypair
[17:57:14] [Server thread/INFO]: Starting Minecraft server on *:25565
[17:57:14] [Server thread/INFO]: Using default channel type
[17:57:14] [Server thread/INFO]: This server is running CraftBukkit version git-Bukkit-ed8c725 (MC: 1.12) (Implementing API version 1.12-R0.1-SNAPSHOT)
[17:57:14] [Server thread/INFO]: [RaspberryJuice] Loading RaspberryJuice v1.10
[17:57:14] [Server thread/INFO]: [ChatLogger] Loading ChatLogger v1.0
[17:57:14] [Server thread/WARN]: **** SERVER IS RUNNING IN OFFLINE/INSECURE MODE!
[17:57:14] [Server thread/WARN]: The server will make no attempt to authenticate usernames. Beware.
[17:57:14] [Server thread/WARN]: While this makes the game possible to play without internet access, it also opens up the ability for hackers to connect with any username they choose.
[17:57:14] [Server thread/WARN]: To change this, set "online-mode" to "true" in the server.properties file.
[17:57:14] [Server thread/INFO]: Preparing level "world"
[17:57:14] [Server thread/INFO]: Preparing start region for level 0 (Seed: -8229475612454173894)
[17:57:15] [Server thread/INFO]: Preparing start region for level 1 (Seed: -8229475612454173894)
[17:57:15] [Server thread/INFO]: Preparing start region for level 2 (Seed: -8229475612454173894)
[17:57:15] [Server thread/INFO]: [RaspberryJuice] Enabling RaspberryJuice v1.10
[17:57:15] [Server thread/INFO]: [RaspberryJuice] Using port 4711
[17:57:15] [Server thread/INFO]: [RaspberryJuice] Using ABSOLUTE locations
[17:57:15] [Server thread/INFO]: [RaspberryJuice] Using BOTH clicks for hits
[17:57:15] [Server thread/INFO]: [RaspberryJuice] ThreadListener Started
[17:57:15] [Server thread/INFO]: [ChatLogger] Enabling ChatLogger v1.0
[17:57:15] [Server thread/INFO]: Server permissions file permissions.yml is empty, ignoring it
[17:57:15] [Server thread/INFO]: Done (1,211s)! For help, type "help" or "?"
[17:57:15] [Server thread/INFO]: Starting remote control listener
[17:57:15] [RCON Listener #1/INFO]: RCON running on 0.0.0.0:25575
[17:57:30] [Server thread/INFO]: theluismen[/127.0.0.1:54587] logged in with entity id 12 at ([world]-123.23132648733949, 64.0, 316.8816100678497)
[17:57:33] [Netty Server IO #1/INFO]: <theluismen> aoksaksda

